<?xml version="1.0" encoding="UTF-8"?>
<!-- Generated by org.testng.reporters.JUnitXMLReporter -->
<testsuite ignored="0" hostname="DESKTOP-D36MUAQ" failures="0" tests="1" name="Test" time="33.662" errors="0" timestamp="2024-02-13T12:55:13 IST">
  <testcase classname="Frame.Simple" name="@AfterTest last" time="0.001">
    <failure type="java.lang.NullPointerException" message="Cannot invoke &amp;quot;io.appium.java_client.service.local.AppiumDriverLocalService.stop()&amp;quot; because &amp;quot;this.service&amp;quot; is null">
      <![CDATA[java.lang.NullPointerException: Cannot invoke "io.appium.java_client.service.local.AppiumDriverLocalService.stop()" because "this.service" is null
at Frame.Simple.last(Simple.java:16)
... Removed 24 stack frames]]>
    </failure>
  </testcase> <!-- @AfterTest last -->
  <testcase classname="Frame.Capabilities1" name="Test1" time="11.335"/>
</testsuite> <!-- Test -->
