<?xml version="1.0" encoding="UTF-8"?>
<testng-results ignored="0" total="1" passed="1" failed="0" skipped="0">
  <reporter-output>
  </reporter-output>
  <suite started-at="2024-02-13T13:10:29 IST" name="Surefire suite" finished-at="2024-02-13T13:11:04 IST" duration-ms="34615">
    <groups>
    </groups>
    <test started-at="2024-02-13T13:10:29 IST" name="Surefire test" finished-at="2024-02-13T13:11:04 IST" duration-ms="34615">
      <class name="Frame.Capabilities1">
        <test-method is-config="true" signature="Before()[pri:0, instance:Frame.Capabilities1@4387b79e]" started-at="2024-02-13T13:10:29 IST" name="Before" finished-at="2024-02-13T13:10:52 IST" duration-ms="22407" status="PASS">
          <reporter-output>
          </reporter-output>
        </test-method> <!-- Before -->
        <test-method signature="Test1()[pri:0, instance:Frame.Capabilities1@4387b79e]" started-at="2024-02-13T13:10:52 IST" name="Test1" finished-at="2024-02-13T13:11:04 IST" duration-ms="12157" status="PASS">
          <reporter-output>
          </reporter-output>
        </test-method> <!-- Test1 -->
      </class> <!-- Frame.Capabilities1 -->
    </test> <!-- Surefire test -->
  </suite> <!-- Surefire suite -->
</testng-results>
